This file contains any messages produced by compilers while
running configure, to aid debugging if configure makes a mistake.

configure:548: checking host system type
configure:586: checking for gcc
configure:663: checking whether the C compiler (gcc  ) works
configure:677: gcc -o conftest    conftest.c  1>&5
configure:674:1: warning: return type defaults to 'int' [-Wimplicit-int]
 main(){return(0);}
 ^
configure:697: checking whether the C compiler (gcc  ) is a cross-compiler
configure:702: checking whether we are using GNU C
configure:726: checking whether gcc accepts -g
configure:756: checking for ranlib
configure:784: checking for pthread_key_create in -lpthread
configure:886: checking for mq_open in -lposix4
configure:934: checking for mq_open in -lrt
configure:982: checking for /home/pascalfares/libunpipc.a
configure:994: checking for /usr/lib/libnsl.so
configure:1003: checking how to run the C preprocessor
configure:1064: checking for ANSI C header files
configure:1171: checking for sys/types.h
configure:1171: checking for sys/time.h
configure:1171: checking for time.h
configure:1171: checking for errno.h
configure:1171: checking for fcntl.h
configure:1171: checking for limits.h
configure:1171: checking for signal.h
configure:1171: checking for stdio.h
configure:1171: checking for stdlib.h
configure:1171: checking for string.h
configure:1171: checking for sys/stat.h
configure:1171: checking for unistd.h
configure:1171: checking for sys/wait.h
configure:1171: checking for sys/ipc.h
configure:1171: checking for sys/msg.h
configure:1171: checking for sys/sem.h
configure:1171: checking for sys/shm.h
configure:1171: checking for mqueue.h
configure:1171: checking for semaphore.h
configure:1171: checking for sys/mman.h
configure:1171: checking for sys/select.h
configure:1171: checking for poll.h
configure:1171: checking for stropts.h
configure:1171: checking for strings.h
configure:1171: checking for sys/ioctl.h
configure:1171: checking for sys/filio.h
configure:1171: checking for pthread.h
configure:1171: checking for door.h
configure:1171: checking for rpc/rpc.h
configure:1171: checking for sys/sysctl.h
configure:1209: checking whether time.h and sys/time.h may both be included
configure:1244: checking if uint8_t defined
configure:1350: checking if int16_t defined
configure:1456: checking if uint16_t defined
configure:1562: checking if int32_t defined
configure:1668: checking if uint32_t defined
configure:1774: checking if size_t defined
configure:1880: checking if ssize_t defined
configure:1987: checking for gethostname function prototype in unistd.h
configure:2018: checking for getrusage function prototype in sys/resource.h
configure:2049: checking for isfdtype function prototype in sys/stat.h
configure:2080: checking for pselect function prototype in sys/select.h
configure:2111: checking for shm_open function prototype in sys/mman.h
configure:2199: checking for snprintf function prototype in stdio.h
configure:2230: checking for thr_setconcurrency function prototype in thread.h
configure:2262: checking for siginfo_t{}
configure:2292: checking for timespec{}
configure:2323: checking for union semun
configure:2352: checking for /dev/zero
configure:2363: checking whether rpcgen supports -C option
configure:2381: checking for bzero
configure:2436: checking for fattach
configure:2491: checking for isfdtype
configure:2546: checking for poll
configure:2601: checking for pselect
configure:2656: checking for sigwait
configure:2711: checking for snprintf
configure:2766: checking for valloc
configure:2821: checking for vsnprintf
configure:2931: checking for -I/home/pascalfares/doc/unpv22e/src/include
